[17:41:05] [INFO ] [com.hthk.datacenter.action.DataCenterApplication:55] -- - Starting DataCenterApplication using Java 1.8.0_332 on HTHKSZ-CHENNING with PID 19288 (C:\Rock\Datas\IT\DEV\ws\WorkSpaceIDEAHTSFICC\data-center\target\classes started by chenning in C:\Rock\Datas\IT\DEV\ws\WorkSpaceIDEAHTSFICC\data-center)
[17:41:05] [DEBUG] [com.hthk.datacenter.action.DataCenterApplication:56] -- - Running with Spring Boot v2.6.0, Spring v5.3.13
[17:41:05] [INFO ] [com.hthk.datacenter.action.DataCenterApplication:635] -- - No active profile set, falling back to default profiles: default
[17:41:06] [DEBUG] [_org.springframework.web.servlet.HandlerMapping.Mappings:295] -- - 
	o.s.b.a.w.s.e.BasicErrorController:
	{ [/error], produces [text/html]}: errorHtml(HttpServletRequest,HttpServletResponse)
	{ [/error]}: error(HttpServletRequest)
[17:41:06] [DEBUG] [_org.springframework.web.servlet.HandlerMapping.Mappings:86] -- - 'beanNameHandlerMapping' {}
[17:41:06] [DEBUG] [_org.springframework.web.servlet.HandlerMapping.Mappings:177] -- - 'resourceHandlerMapping' {/webjars/**=ResourceHttpRequestHandler [classpath [META-INF/resources/webjars/]], /**=ResourceHttpRequestHandler [classpath [META-INF/resources/], classpath [resources/], classpath [static/], classpath [public/], ServletContext [/]]}
[17:41:06] [INFO ] [com.hthk.datacenter.action.DataCenterApplication:61] -- - Started DataCenterApplication in 1.251 seconds (JVM running for 1.648)
[17:41:20] [INFO ] [com.hthk.datacenter.action.DataCenterApplication:55] -- - Starting DataCenterApplication using Java 1.8.0_332 on HTHKSZ-CHENNING with PID 12348 (C:\Rock\Datas\IT\DEV\ws\WorkSpaceIDEAHTSFICC\data-center\target\classes started by chenning in C:\Rock\Datas\IT\DEV\ws\WorkSpaceIDEAHTSFICC\data-center)
[17:41:20] [DEBUG] [com.hthk.datacenter.action.DataCenterApplication:56] -- - Running with Spring Boot v2.6.0, Spring v5.3.13
[17:41:20] [INFO ] [com.hthk.datacenter.action.DataCenterApplication:635] -- - No active profile set, falling back to default profiles: default
[17:41:21] [DEBUG] [_org.springframework.web.servlet.HandlerMapping.Mappings:295] -- - 
	o.s.b.a.w.s.e.BasicErrorController:
	{ [/error]}: error(HttpServletRequest)
	{ [/error], produces [text/html]}: errorHtml(HttpServletRequest,HttpServletResponse)
[17:41:21] [DEBUG] [_org.springframework.web.servlet.HandlerMapping.Mappings:86] -- - 'beanNameHandlerMapping' {}
[17:41:21] [DEBUG] [_org.springframework.web.servlet.HandlerMapping.Mappings:177] -- - 'resourceHandlerMapping' {/webjars/**=ResourceHttpRequestHandler [classpath [META-INF/resources/webjars/]], /**=ResourceHttpRequestHandler [classpath [META-INF/resources/], classpath [resources/], classpath [static/], classpath [public/], ServletContext [/]]}
[17:41:21] [INFO ] [com.hthk.datacenter.action.DataCenterApplication:61] -- - Started DataCenterApplication in 1.239 seconds (JVM running for 1.613)
[17:42:26] [ERROR] [com.hthk.datacenter.action.DataCenterApplication:35] -- - null exit with Exception:
null
java.lang.NullPointerException: null
	at com.hthk.datacenter.action.DataCenterApplication.start(DataCenterApplication.java:32)
	at com.hthk.datacenter.action.DataCenterApplication.main(DataCenterApplication.java:42)
[17:42:42] [ERROR] [com.hthk.datacenter.action.DataCenterApplication:36] -- - null exit with Exception:
null
java.lang.NullPointerException: null
	at com.hthk.datacenter.action.DataCenterApplication.start(DataCenterApplication.java:32)
	at com.hthk.datacenter.action.DataCenterApplication.main(DataCenterApplication.java:43)
[17:44:31] [ERROR] [com.hthk.datacenter.action.DataCenterApplication:37] -- - null exit with Exception:
null
java.lang.NullPointerException: null
	at com.hthk.datacenter.action.DataCenterApplication.start(DataCenterApplication.java:34)
	at com.hthk.datacenter.action.DataCenterApplication.main(DataCenterApplication.java:44)
[17:44:40] [INFO ] [com.hthk.datacenter.action.DataCenterApplication:34] -- - null
[17:44:40] [INFO ] [com.hthk.datacenter.action.DataCenterApplication:55] -- - Starting DataCenterApplication using Java 1.8.0_332 on HTHKSZ-CHENNING with PID 10800 (C:\Rock\Datas\IT\DEV\ws\WorkSpaceIDEAHTSFICC\data-center\target\classes started by chenning in C:\Rock\Datas\IT\DEV\ws\WorkSpaceIDEAHTSFICC\data-center)
[17:44:40] [DEBUG] [com.hthk.datacenter.action.DataCenterApplication:56] -- - Running with Spring Boot v2.6.0, Spring v5.3.13
[17:44:40] [INFO ] [com.hthk.datacenter.action.DataCenterApplication:635] -- - No active profile set, falling back to default profiles: default
[17:44:41] [DEBUG] [_org.springframework.web.servlet.HandlerMapping.Mappings:295] -- - 
	o.s.b.a.w.s.e.BasicErrorController:
	{ [/error]}: error(HttpServletRequest)
	{ [/error], produces [text/html]}: errorHtml(HttpServletRequest,HttpServletResponse)
[17:44:41] [DEBUG] [_org.springframework.web.servlet.HandlerMapping.Mappings:86] -- - 'beanNameHandlerMapping' {}
[17:44:41] [DEBUG] [_org.springframework.web.servlet.HandlerMapping.Mappings:177] -- - 'resourceHandlerMapping' {/webjars/**=ResourceHttpRequestHandler [classpath [META-INF/resources/webjars/]], /**=ResourceHttpRequestHandler [classpath [META-INF/resources/], classpath [resources/], classpath [static/], classpath [public/], ServletContext [/]]}
[17:44:41] [INFO ] [com.hthk.datacenter.action.DataCenterApplication:61] -- - Started DataCenterApplication in 1.206 seconds (JVM running for 1.583)
[17:44:56] [INFO ] [com.hthk.datacenter.action.DataCenterApplication:55] -- - Starting DataCenterApplication using Java 1.8.0_332 on HTHKSZ-CHENNING with PID 13032 (C:\Rock\Datas\IT\DEV\ws\WorkSpaceIDEAHTSFICC\data-center\target\classes started by chenning in C:\Rock\Datas\IT\DEV\ws\WorkSpaceIDEAHTSFICC\data-center)
[17:44:56] [DEBUG] [com.hthk.datacenter.action.DataCenterApplication:56] -- - Running with Spring Boot v2.6.0, Spring v5.3.13
[17:44:56] [INFO ] [com.hthk.datacenter.action.DataCenterApplication:635] -- - No active profile set, falling back to default profiles: default
[17:44:57] [DEBUG] [_org.springframework.web.servlet.HandlerMapping.Mappings:295] -- - 
	o.s.b.a.w.s.e.BasicErrorController:
	{ [/error]}: error(HttpServletRequest)
	{ [/error], produces [text/html]}: errorHtml(HttpServletRequest,HttpServletResponse)
[17:44:57] [DEBUG] [_org.springframework.web.servlet.HandlerMapping.Mappings:86] -- - 'beanNameHandlerMapping' {}
[17:44:57] [DEBUG] [_org.springframework.web.servlet.HandlerMapping.Mappings:177] -- - 'resourceHandlerMapping' {/webjars/**=ResourceHttpRequestHandler [classpath [META-INF/resources/webjars/]], /**=ResourceHttpRequestHandler [classpath [META-INF/resources/], classpath [resources/], classpath [static/], classpath [public/], ServletContext [/]]}
[17:44:57] [INFO ] [com.hthk.datacenter.action.DataCenterApplication:61] -- - Started DataCenterApplication in 1.204 seconds (JVM running for 1.583)
[17:44:57] [INFO ] [com.hthk.datacenter.action.DataCenterApplication:35] -- - org.springframework.boot.web.servlet.context.AnnotationConfigServletWebServerApplicationContext@738dc9b, started on Wed Nov 08 17:44:56 CST 2023
[17:45:24] [INFO ] [com.hthk.datacenter.action.DataCenterApplication:55] -- - Starting DataCenterApplication using Java 1.8.0_332 on HTHKSZ-CHENNING with PID 6148 (C:\Rock\Datas\IT\DEV\ws\WorkSpaceIDEAHTSFICC\data-center\target\classes started by chenning in C:\Rock\Datas\IT\DEV\ws\WorkSpaceIDEAHTSFICC\data-center)
[17:45:24] [DEBUG] [com.hthk.datacenter.action.DataCenterApplication:56] -- - Running with Spring Boot v2.6.0, Spring v5.3.13
[17:45:24] [INFO ] [com.hthk.datacenter.action.DataCenterApplication:635] -- - No active profile set, falling back to default profiles: default
[17:45:24] [DEBUG] [_org.springframework.web.servlet.HandlerMapping.Mappings:295] -- - 
	o.s.b.a.w.s.e.BasicErrorController:
	{ [/error]}: error(HttpServletRequest)
	{ [/error], produces [text/html]}: errorHtml(HttpServletRequest,HttpServletResponse)
[17:45:24] [DEBUG] [_org.springframework.web.servlet.HandlerMapping.Mappings:86] -- - 'beanNameHandlerMapping' {}
[17:45:24] [DEBUG] [_org.springframework.web.servlet.HandlerMapping.Mappings:177] -- - 'resourceHandlerMapping' {/webjars/**=ResourceHttpRequestHandler [classpath [META-INF/resources/webjars/]], /**=ResourceHttpRequestHandler [classpath [META-INF/resources/], classpath [resources/], classpath [static/], classpath [public/], ServletContext [/]]}
[17:45:24] [INFO ] [com.hthk.datacenter.action.DataCenterApplication:61] -- - Started DataCenterApplication in 1.205 seconds (JVM running for 1.58)
[17:45:24] [INFO ] [com.hthk.datacenter.action.DataCenterApplication:35] -- - DataCenter
[17:46:00] [ERROR] [com.hthk.datacenter.action.DataCenterApplication:38] -- - null exit with Exception:
null
java.lang.NullPointerException: null
	at com.hthk.datacenter.action.DataCenterApplication.start(DataCenterApplication.java:35)
	at com.hthk.datacenter.action.DataCenterApplication.main(DataCenterApplication.java:45)
[17:46:44] [INFO ] [com.hthk.datacenter.action.DataCenterApplication:55] -- - Starting DataCenterApplication using Java 1.8.0_332 on HTHKSZ-CHENNING with PID 4968 (C:\Rock\Datas\IT\DEV\ws\WorkSpaceIDEAHTSFICC\data-center\target\classes started by chenning in C:\Rock\Datas\IT\DEV\ws\WorkSpaceIDEAHTSFICC\data-center)
[17:46:44] [DEBUG] [com.hthk.datacenter.action.DataCenterApplication:56] -- - Running with Spring Boot v2.6.0, Spring v5.3.13
[17:46:44] [INFO ] [com.hthk.datacenter.action.DataCenterApplication:635] -- - No active profile set, falling back to default profiles: default
[17:46:45] [DEBUG] [_org.springframework.web.servlet.HandlerMapping.Mappings:295] -- - 
	o.s.b.a.w.s.e.BasicErrorController:
	{ [/error]}: error(HttpServletRequest)
	{ [/error], produces [text/html]}: errorHtml(HttpServletRequest,HttpServletResponse)
[17:46:45] [DEBUG] [_org.springframework.web.servlet.HandlerMapping.Mappings:86] -- - 'beanNameHandlerMapping' {}
[17:46:45] [DEBUG] [_org.springframework.web.servlet.HandlerMapping.Mappings:177] -- - 'resourceHandlerMapping' {/webjars/**=ResourceHttpRequestHandler [classpath [META-INF/resources/webjars/]], /**=ResourceHttpRequestHandler [classpath [META-INF/resources/], classpath [resources/], classpath [static/], classpath [public/], ServletContext [/]]}
[17:46:45] [INFO ] [com.hthk.datacenter.action.DataCenterApplication:61] -- - Started DataCenterApplication in 1.245 seconds (JVM running for 1.633)
[17:46:45] [INFO ] [com.hthk.datacenter.action.DataCenterApplication:33] -- - DataCenter
[17:46:57] [INFO ] [com.hthk.datacenter.action.DataCenterApplication:55] -- - Starting DataCenterApplication using Java 1.8.0_332 on HTHKSZ-CHENNING with PID 4172 (C:\Rock\Datas\IT\DEV\ws\WorkSpaceIDEAHTSFICC\data-center\target\classes started by chenning in C:\Rock\Datas\IT\DEV\ws\WorkSpaceIDEAHTSFICC\data-center)
[17:46:57] [DEBUG] [com.hthk.datacenter.action.DataCenterApplication:56] -- - Running with Spring Boot v2.6.0, Spring v5.3.13
[17:46:57] [INFO ] [com.hthk.datacenter.action.DataCenterApplication:635] -- - No active profile set, falling back to default profiles: default
[17:46:58] [DEBUG] [_org.springframework.web.servlet.HandlerMapping.Mappings:295] -- - 
	o.s.b.a.w.s.e.BasicErrorController:
	{ [/error]}: error(HttpServletRequest)
	{ [/error], produces [text/html]}: errorHtml(HttpServletRequest,HttpServletResponse)
[17:46:58] [DEBUG] [_org.springframework.web.servlet.HandlerMapping.Mappings:86] -- - 'beanNameHandlerMapping' {}
[17:46:58] [DEBUG] [_org.springframework.web.servlet.HandlerMapping.Mappings:177] -- - 'resourceHandlerMapping' {/webjars/**=ResourceHttpRequestHandler [classpath [META-INF/resources/webjars/]], /**=ResourceHttpRequestHandler [classpath [META-INF/resources/], classpath [resources/], classpath [static/], classpath [public/], ServletContext [/]]}
[17:46:58] [INFO ] [com.hthk.datacenter.action.DataCenterApplication:61] -- - Started DataCenterApplication in 1.213 seconds (JVM running for 1.589)
[17:46:58] [INFO ] [com.hthk.datacenter.action.DataCenterApplication:33] -- - DataCenter kick-off
